<?xml version="1.0" encoding="UTF-8"?>
<testng-results ignored="0" total="1" passed="1" failed="0" skipped="0">
  <reporter-output>
  </reporter-output>
  <suite started-at="2024-06-11T09:53:20 IST" name="Default suite" finished-at="2024-06-11T09:53:27 IST" duration-ms="7301">
    <groups>
    </groups>
    <test started-at="2024-06-11T09:53:20 IST" name="Default test" finished-at="2024-06-11T09:53:27 IST" duration-ms="7301">
      <class name="uk.co.automationtesting.LoginWrongPass">
        <test-method is-config="true" signature="setup()[pri:0, instance:uk.co.automationtesting.LoginWrongPass@130161f7]" started-at="2024-06-11T09:53:20 IST" name="setup" finished-at="2024-06-11T09:53:24 IST" duration-ms="3358" status="PASS">
          <reporter-output>
          </reporter-output>
        </test-method> <!-- setup -->
        <test-method signature="loginWrongPass()[pri:0, instance:uk.co.automationtesting.LoginWrongPass@130161f7]" started-at="2024-06-11T09:53:24 IST" name="loginWrongPass" finished-at="2024-06-11T09:53:27 IST" duration-ms="3424" status="PASS">
          <reporter-output>
          </reporter-output>
        </test-method> <!-- loginWrongPass -->
        <test-method is-config="true" signature="tearDown()[pri:0, instance:uk.co.automationtesting.LoginWrongPass@130161f7]" started-at="2024-06-11T09:53:27 IST" name="tearDown" finished-at="2024-06-11T09:53:27 IST" duration-ms="240" status="PASS">
          <reporter-output>
          </reporter-output>
        </test-method> <!-- tearDown -->
      </class> <!-- uk.co.automationtesting.LoginWrongPass -->
    </test> <!-- Default test -->
  </suite> <!-- Default suite -->
</testng-results>
